

Started GET "/" for 10.46.40.66 at 2014-07-21 19:26:18 -0400
Processing by Rails::WelcomeController#index as HTML
  Rendered /opt/webmd-ruby/embedded/lib/ruby/gems/2.1.0/gems/railties-4.1.4/lib/rails/templates/rails/welcome/index.html.erb (2.0ms)
Completed 200 OK in 51ms (Views: 8.4ms | ActiveRecord: 0.0ms)


Started GET "/" for 10.46.40.66 at 2014-07-21 19:32:59 -0400
Processing by Rails::WelcomeController#index as HTML
  Rendered /opt/webmd-ruby/embedded/lib/ruby/gems/2.1.0/gems/railties-4.1.4/lib/rails/templates/rails/welcome/index.html.erb (2.1ms)
Completed 200 OK in 20ms (Views: 8.6ms | ActiveRecord: 0.0ms)
  [1m[36m (25.8ms)[0m  [1mCREATE TABLE "schema_migrations" ("version" varchar(255) NOT NULL) [0m
  [1m[35m (14.7ms)[0m  select sqlite_version(*)
  [1m[36m (4.7ms)[0m  [1mCREATE UNIQUE INDEX "unique_schema_migrations" ON "schema_migrations" ("version")[0m
  [1m[35mActiveRecord::SchemaMigration Load (0.1ms)[0m  SELECT "schema_migrations".* FROM "schema_migrations"
Migrating to CreateBookmarks (20140721233420)
  [1m[36m (0.1ms)[0m  [1mbegin transaction[0m
  [1m[35m (0.4ms)[0m  CREATE TABLE "bookmarks" ("id" INTEGER PRIMARY KEY AUTOINCREMENT NOT NULL, "title" varchar(255), "url" varchar(255), "created_at" datetime, "updated_at" datetime) 
  [1m[36mSQL (0.2ms)[0m  [1mINSERT INTO "schema_migrations" ("version") VALUES (?)[0m  [["version", "20140721233420"]]
  [1m[35m (5.3ms)[0m  commit transaction
  [1m[36mActiveRecord::SchemaMigration Load (0.1ms)[0m  [1mSELECT "schema_migrations".* FROM "schema_migrations"[0m
  [1m[36m (0.1ms)[0m  [1mSELECT COUNT(*) FROM "bookmarks"[0m
  [1m[35m (0.2ms)[0m  begin transaction
  [1m[36mSQL (0.6ms)[0m  [1mINSERT INTO "bookmarks" ("created_at", "title", "updated_at", "url") VALUES (?, ?, ?, ?)[0m  [["created_at", "2014-07-21 23:38:46.247179"], ["title", "Hello Bookmarks app!"], ["updated_at", "2014-07-21 23:38:46.247179"], ["url", "http://localhost:3000"]]
  [1m[35m (5.9ms)[0m  commit transaction
  [1m[36m (0.4ms)[0m  [1mSELECT COUNT(*) FROM "bookmarks"[0m


Started GET "/bookmarks" for 10.46.40.66 at 2014-07-21 19:40:07 -0400
  [1m[36mActiveRecord::SchemaMigration Load (0.1ms)[0m  [1mSELECT "schema_migrations".* FROM "schema_migrations"[0m
Processing by BookmarksController#index as HTML
  [1m[35mBookmark Load (0.2ms)[0m  SELECT "bookmarks".* FROM "bookmarks"
  Rendered bookmarks/index.html.erb within layouts/application (10.4ms)
Completed 200 OK in 881ms (Views: 877.8ms | ActiveRecord: 0.7ms)


Started GET "/assets/bookmarks.css?body=1" for 10.46.40.66 at 2014-07-21 19:40:08 -0400


Started GET "/assets/scaffolds.css?body=1" for 10.46.40.66 at 2014-07-21 19:40:08 -0400


Started GET "/assets/application.css?body=1" for 10.46.40.66 at 2014-07-21 19:40:08 -0400


Started GET "/assets/jquery_ujs.js?body=1" for 10.46.40.66 at 2014-07-21 19:40:08 -0400


Started GET "/assets/turbolinks.js?body=1" for 10.46.40.66 at 2014-07-21 19:40:08 -0400


Started GET "/assets/jquery.js?body=1" for 10.46.40.66 at 2014-07-21 19:40:08 -0400


Started GET "/assets/bookmarks.js?body=1" for 10.46.40.66 at 2014-07-21 19:40:09 -0400


Started GET "/assets/application.js?body=1" for 10.46.40.66 at 2014-07-21 19:40:09 -0400


Started GET "/bookmarks.json" for 10.46.40.66 at 2014-07-21 19:40:27 -0400
Processing by BookmarksController#index as JSON
  [1m[36mBookmark Load (0.4ms)[0m  [1mSELECT "bookmarks".* FROM "bookmarks"[0m
  Rendered bookmarks/index.json.jbuilder (20.4ms)
Completed 200 OK in 24ms (Views: 22.6ms | ActiveRecord: 0.4ms)
